2022-04-04 06:38:51 DEBUG SearchDataDrivenTest:75 - Initialize the page objects
2022-04-04 06:38:52 DEBUG SearchDataDrivenTest:30 - executing the doLoginTest()......
2022-04-04 06:38:52 DEBUG SearchDataDrivenTest:31 - ***************verify linkedin home page element & Title*****************
2022-04-04 06:38:52 DEBUG LinkedinHomePage:51 - verify the linkedin home page header text element:
2022-04-04 06:38:52 DEBUG LinkedinHomePage:45 - verify the linkedin home page title:LinkedIn: Log In or Sign Up
2022-04-04 06:38:52 DEBUG LinkedinHomePage:56 - verify the linkedin logo element:
2022-04-04 06:38:52 DEBUG SearchDataDrivenTest:35 - Click on Sign in link
2022-04-04 06:38:52 DEBUG LinkedinHomePage:62 - click on the Linkedin HomePage Sign link
2022-04-04 06:38:52 DEBUG BasePageWeb:45 - wait for the element to be clickable or not
2022-04-04 06:38:52 DEBUG BasePageWeb:47 - click on the given element
2022-04-04 06:38:59 DEBUG SearchDataDrivenTest:37 - **************Verify Linkedin login page element & Title***********
2022-04-04 06:38:59 DEBUG LinkedinHomePage:73 - verify the linkedin sign page header text element:
2022-04-04 06:38:59 DEBUG LinkedinHomePage:67 - verify the linkedin home page title:LinkedIn Login, Sign in | LinkedIn
2022-04-04 06:38:59 DEBUG SearchDataDrivenTest:40 - perform the login test
2022-04-04 06:38:59 DEBUG LinkedinHomePage:83 - Started executing the doLogin()
2022-04-04 06:38:59 DEBUG LinkedinHomePage:84 - clear the content in the email edit box
2022-04-04 06:38:59 DEBUG BasePageWeb:81 - wait for the element to be clickable or not
2022-04-04 06:38:59 DEBUG BasePageWeb:83 - clear the content in given editbox element
2022-04-04 06:38:59 DEBUG LinkedinHomePage:86 - type the email:sreedevikm.mca@gmail.comin emailEditbox
2022-04-04 06:39:00 DEBUG LinkedinHomePage:88 - type the pwd:sreedevikm.mca@gmail.comin passwordEditbox
2022-04-04 06:39:00 DEBUG LinkedinHomePage:78 - click on the Signin page Signin Button
2022-04-04 06:39:00 DEBUG BasePageWeb:45 - wait for the element to be clickable or not
2022-04-04 06:39:00 DEBUG BasePageWeb:47 - click on the given element
2022-04-04 06:39:06 DEBUG SearchDataDrivenTest:67 - reading the excel sheet data to @Dataprovider annotation
2022-04-04 06:39:06 DEBUG ExcelUtils:29 - Specify the path of file :C:\Users\raja\eclipse-workspace\HybirdFramework\src\test\java\com\qa\linkedin\data\SearchData.xlsx
2022-04-04 06:39:06 DEBUG ExcelUtils:32 - read the file
2022-04-04 06:39:06 DEBUG ExcelUtils:34 - Load workbook
2022-04-04 06:39:09 DEBUG ExcelUtils:39 - fetch the row count
2022-04-04 06:39:09 DEBUG ExcelUtils:41 - number of rows in the excel sheet is-->6
2022-04-04 06:39:09 DEBUG ExcelUtils:43 - number of columns in the excel sheet is -->1
2022-04-04 06:39:09 DEBUG SearchDataDrivenTest:47 - ***************perform dosearchpeopleTest for:muniraja
2022-04-04 06:39:09 DEBUG LinkedinHomePage:33 - verify the linkedi page title:Feed | LinkedIn
2022-04-04 06:39:09 DEBUG LinkedinHomePage:39 - Verify the linkedin Profile rail card element
2022-04-04 06:39:09 DEBUG SearchDataDrivenTest:50 - Type the value muniraja in Search editbox
2022-04-04 06:39:09 DEBUG LinkedinHomePage:59 - Started executing  the doPeopelSearch() for the keyword::::muniraja
2022-04-04 06:39:09 DEBUG LinkedinHomePage:60 - clear the content in the search editbox
2022-04-04 06:39:09 DEBUG BasePageWeb:81 - wait for the element to be clickable or not
2022-04-04 06:39:09 DEBUG BasePageWeb:83 - clear the content in given editbox element
2022-04-04 06:39:09 DEBUG LinkedinHomePage:62 - type the search keyword:munirajain search editbox
2022-04-04 06:39:09 DEBUG LinkedinHomePage:64 - Press the ENTER key on searchEditbox
2022-04-04 06:39:09 DEBUG SearchDataDrivenTest:52 - fetch the search results count for:muniraja
2022-04-04 06:39:09 DEBUG SearchResutlsPage:32 - verify the Search Results page title:Search | LinkedIn
2022-04-04 06:39:11 DEBUG SearchResutlsPage:38 - click on the see all restuls link
2022-04-04 06:39:11 DEBUG BasePageWeb:45 - wait for the element to be clickable or not
2022-04-04 06:39:11 DEBUG BasePageWeb:47 - click on the given element
2022-04-04 06:39:11 DEBUG SearchResutlsPage:60 - fetch the results count text
2022-04-04 06:39:12 DEBUG SearchResutlsPage:62 - Search results text is:About 2,300 results
2022-04-04 06:39:12 DEBUG SearchDataDrivenTest:55 - search resuslts count for:muniraja is:2300
2022-04-04 06:39:12 DEBUG SearchDataDrivenTest:60 - click on Home tab
2022-04-04 06:39:12 DEBUG SearchResutlsPage:43 - click on Home tab
2022-04-04 06:39:12 DEBUG BasePageWeb:45 - wait for the element to be clickable or not
2022-04-04 06:39:12 DEBUG BasePageWeb:47 - click on the given element
2022-04-04 06:39:12 DEBUG SearchDataDrivenTest:47 - ***************perform dosearchpeopleTest for:haritha
2022-04-04 06:39:12 DEBUG LinkedinHomePage:33 - verify the linkedi page title:Feed | LinkedIn
2022-04-04 06:39:13 DEBUG LinkedinHomePage:39 - Verify the linkedin Profile rail card element
2022-04-04 06:39:13 DEBUG SearchDataDrivenTest:50 - Type the value haritha in Search editbox
2022-04-04 06:39:13 DEBUG LinkedinHomePage:59 - Started executing  the doPeopelSearch() for the keyword::::haritha
2022-04-04 06:39:13 DEBUG LinkedinHomePage:60 - clear the content in the search editbox
2022-04-04 06:39:13 DEBUG BasePageWeb:81 - wait for the element to be clickable or not
2022-04-04 06:39:13 DEBUG BasePageWeb:83 - clear the content in given editbox element
2022-04-04 06:39:13 DEBUG LinkedinHomePage:62 - type the search keyword:harithain search editbox
2022-04-04 06:39:13 DEBUG LinkedinHomePage:64 - Press the ENTER key on searchEditbox
2022-04-04 06:39:13 DEBUG SearchDataDrivenTest:52 - fetch the search results count for:haritha
2022-04-04 06:39:13 DEBUG SearchResutlsPage:32 - verify the Search Results page title:Search | LinkedIn
2022-04-04 06:39:15 DEBUG SearchResutlsPage:38 - click on the see all restuls link
2022-04-04 06:39:15 DEBUG BasePageWeb:45 - wait for the element to be clickable or not
2022-04-04 06:39:15 DEBUG BasePageWeb:47 - click on the given element
2022-04-04 06:39:15 DEBUG SearchResutlsPage:60 - fetch the results count text
2022-04-04 06:39:16 DEBUG SearchResutlsPage:62 - Search results text is:About 17,000 results
2022-04-04 06:39:16 DEBUG SearchDataDrivenTest:55 - search resuslts count for:haritha is:17000
2022-04-04 06:39:16 DEBUG SearchDataDrivenTest:60 - click on Home tab
2022-04-04 06:39:16 DEBUG SearchResutlsPage:43 - click on Home tab
2022-04-04 06:39:16 DEBUG BasePageWeb:45 - wait for the element to be clickable or not
2022-04-04 06:39:16 DEBUG BasePageWeb:47 - click on the given element
2022-04-04 06:39:16 DEBUG SearchDataDrivenTest:47 - ***************perform dosearchpeopleTest for:ramesh
2022-04-04 06:39:16 DEBUG LinkedinHomePage:33 - verify the linkedi page title:Feed | LinkedIn
2022-04-04 06:39:16 DEBUG LinkedinHomePage:39 - Verify the linkedin Profile rail card element
2022-04-04 06:39:16 DEBUG SearchDataDrivenTest:50 - Type the value ramesh in Search editbox
2022-04-04 06:39:16 DEBUG LinkedinHomePage:59 - Started executing  the doPeopelSearch() for the keyword::::ramesh
2022-04-04 06:39:16 DEBUG LinkedinHomePage:60 - clear the content in the search editbox
2022-04-04 06:39:16 DEBUG BasePageWeb:81 - wait for the element to be clickable or not
2022-04-04 06:39:16 DEBUG BasePageWeb:83 - clear the content in given editbox element
2022-04-04 06:39:17 DEBUG LinkedinHomePage:62 - type the search keyword:rameshin search editbox
2022-04-04 06:39:17 DEBUG LinkedinHomePage:64 - Press the ENTER key on searchEditbox
2022-04-04 06:39:17 DEBUG SearchDataDrivenTest:52 - fetch the search results count for:ramesh
2022-04-04 06:39:17 DEBUG SearchResutlsPage:32 - verify the Search Results page title:Search | LinkedIn
2022-04-04 06:39:18 DEBUG SearchResutlsPage:38 - click on the see all restuls link
2022-04-04 06:39:18 DEBUG BasePageWeb:45 - wait for the element to be clickable or not
2022-04-04 06:39:18 DEBUG BasePageWeb:47 - click on the given element
2022-04-04 06:39:18 DEBUG SearchResutlsPage:60 - fetch the results count text
2022-04-04 06:39:20 DEBUG SearchResutlsPage:62 - Search results text is:About 298,000 results
2022-04-04 06:39:20 DEBUG SearchDataDrivenTest:55 - search resuslts count for:ramesh is:298000
2022-04-04 06:39:20 DEBUG SearchDataDrivenTest:60 - click on Home tab
2022-04-04 06:39:20 DEBUG SearchResutlsPage:43 - click on Home tab
2022-04-04 06:39:20 DEBUG BasePageWeb:45 - wait for the element to be clickable or not
2022-04-04 06:39:20 DEBUG BasePageWeb:47 - click on the given element
2022-04-04 06:39:20 DEBUG SearchDataDrivenTest:47 - ***************perform dosearchpeopleTest for:vinder
2022-04-04 06:39:20 DEBUG LinkedinHomePage:33 - verify the linkedi page title:Feed | LinkedIn
2022-04-04 06:39:21 DEBUG LinkedinHomePage:39 - Verify the linkedin Profile rail card element
2022-04-04 06:39:21 DEBUG SearchDataDrivenTest:50 - Type the value vinder in Search editbox
2022-04-04 06:39:21 DEBUG LinkedinHomePage:59 - Started executing  the doPeopelSearch() for the keyword::::vinder
2022-04-04 06:39:21 DEBUG LinkedinHomePage:60 - clear the content in the search editbox
2022-04-04 06:39:21 DEBUG BasePageWeb:81 - wait for the element to be clickable or not
2022-04-04 06:39:21 DEBUG BasePageWeb:83 - clear the content in given editbox element
2022-04-04 06:39:21 DEBUG LinkedinHomePage:62 - type the search keyword:vinderin search editbox
2022-04-04 06:39:21 DEBUG LinkedinHomePage:64 - Press the ENTER key on searchEditbox
2022-04-04 06:39:21 DEBUG SearchDataDrivenTest:52 - fetch the search results count for:vinder
2022-04-04 06:39:21 DEBUG SearchResutlsPage:32 - verify the Search Results page title:Search | LinkedIn
2022-04-04 06:39:23 DEBUG SearchResutlsPage:38 - click on the see all restuls link
2022-04-04 06:39:23 DEBUG BasePageWeb:45 - wait for the element to be clickable or not
2022-04-04 06:39:23 DEBUG BasePageWeb:47 - click on the given element
2022-04-04 06:39:23 DEBUG SearchResutlsPage:60 - fetch the results count text
2022-04-04 06:39:24 DEBUG SearchResutlsPage:62 - Search results text is:633 results
2022-04-04 06:39:24 DEBUG SearchDataDrivenTest:55 - search resuslts count for:vinder is:633
2022-04-04 06:39:24 DEBUG SearchDataDrivenTest:60 - click on Home tab
2022-04-04 06:39:24 DEBUG SearchResutlsPage:43 - click on Home tab
2022-04-04 06:39:24 DEBUG BasePageWeb:45 - wait for the element to be clickable or not
2022-04-04 06:39:24 DEBUG BasePageWeb:47 - click on the given element
2022-04-04 06:39:24 DEBUG SearchDataDrivenTest:47 - ***************perform dosearchpeopleTest for:Raja
2022-04-04 06:39:24 DEBUG LinkedinHomePage:33 - verify the linkedi page title:Feed | LinkedIn
2022-04-04 06:39:25 DEBUG LinkedinHomePage:39 - Verify the linkedin Profile rail card element
2022-04-04 06:39:25 DEBUG SearchDataDrivenTest:50 - Type the value Raja in Search editbox
2022-04-04 06:39:25 DEBUG LinkedinHomePage:59 - Started executing  the doPeopelSearch() for the keyword::::Raja
2022-04-04 06:39:25 DEBUG LinkedinHomePage:60 - clear the content in the search editbox
2022-04-04 06:39:25 DEBUG BasePageWeb:81 - wait for the element to be clickable or not
2022-04-04 06:39:25 DEBUG BasePageWeb:83 - clear the content in given editbox element
2022-04-04 06:39:25 DEBUG LinkedinHomePage:62 - type the search keyword:Rajain search editbox
2022-04-04 06:39:25 DEBUG LinkedinHomePage:64 - Press the ENTER key on searchEditbox
2022-04-04 06:39:25 DEBUG SearchDataDrivenTest:52 - fetch the search results count for:Raja
2022-04-04 06:39:25 DEBUG SearchResutlsPage:32 - verify the Search Results page title:Search | LinkedIn
2022-04-04 06:39:29 DEBUG SearchResutlsPage:38 - click on the see all restuls link
2022-04-04 06:39:29 DEBUG BasePageWeb:45 - wait for the element to be clickable or not
2022-04-04 06:39:30 DEBUG BasePageWeb:47 - click on the given element
2022-04-04 06:39:30 DEBUG SearchResutlsPage:60 - fetch the results count text
2022-04-04 06:39:31 DEBUG SearchResutlsPage:62 - Search results text is:About 346,000 results
2022-04-04 06:39:31 DEBUG SearchDataDrivenTest:55 - search resuslts count for:Raja is:346000
2022-04-04 06:39:31 DEBUG SearchDataDrivenTest:60 - click on Home tab
2022-04-04 06:39:31 DEBUG SearchResutlsPage:43 - click on Home tab
2022-04-04 06:39:31 DEBUG BasePageWeb:45 - wait for the element to be clickable or not
2022-04-04 06:39:31 DEBUG BasePageWeb:47 - click on the given element
2022-04-04 06:39:31 DEBUG SearchDataDrivenTest:47 - ***************perform dosearchpeopleTest for:charitha
2022-04-04 06:39:31 DEBUG LinkedinHomePage:33 - verify the linkedi page title:Feed | LinkedIn
2022-04-04 06:39:32 DEBUG LinkedinHomePage:39 - Verify the linkedin Profile rail card element
2022-04-04 06:39:32 DEBUG SearchDataDrivenTest:50 - Type the value charitha in Search editbox
2022-04-04 06:39:32 DEBUG LinkedinHomePage:59 - Started executing  the doPeopelSearch() for the keyword::::charitha
2022-04-04 06:39:32 DEBUG LinkedinHomePage:60 - clear the content in the search editbox
2022-04-04 06:39:32 DEBUG BasePageWeb:81 - wait for the element to be clickable or not
2022-04-04 06:39:32 DEBUG BasePageWeb:83 - clear the content in given editbox element
2022-04-04 06:39:32 DEBUG LinkedinHomePage:62 - type the search keyword:charithain search editbox
2022-04-04 06:39:32 DEBUG LinkedinHomePage:64 - Press the ENTER key on searchEditbox
2022-04-04 06:39:32 DEBUG SearchDataDrivenTest:52 - fetch the search results count for:charitha
2022-04-04 06:39:32 DEBUG SearchResutlsPage:32 - verify the Search Results page title:Search | LinkedIn
2022-04-04 06:39:33 DEBUG SearchResutlsPage:38 - click on the see all restuls link
2022-04-04 06:39:33 DEBUG BasePageWeb:45 - wait for the element to be clickable or not
2022-04-04 06:39:34 DEBUG BasePageWeb:47 - click on the given element
2022-04-04 06:39:34 DEBUG SearchResutlsPage:60 - fetch the results count text
2022-04-04 06:39:35 DEBUG SearchResutlsPage:62 - Search results text is:About 3,200 results
2022-04-04 06:39:35 DEBUG SearchDataDrivenTest:55 - search resuslts count for:charitha is:3200
2022-04-04 06:39:35 DEBUG SearchDataDrivenTest:60 - click on Home tab
2022-04-04 06:39:35 DEBUG SearchResutlsPage:43 - click on Home tab
2022-04-04 06:39:35 DEBUG BasePageWeb:45 - wait for the element to be clickable or not
2022-04-04 06:39:35 DEBUG BasePageWeb:47 - click on the given element
2022-04-04 06:39:35 DEBUG SearchDataDrivenTest:84 - logout from the application
2022-04-04 06:39:35 DEBUG LinkedinHomePage:45 - Start executing the doLogOut()......
2022-04-04 06:39:35 DEBUG LinkedinHomePage:48 - Click on profile image icon
2022-04-04 06:39:35 DEBUG BasePageWeb:45 - wait for the element to be clickable or not
2022-04-04 06:39:35 DEBUG BasePageWeb:47 - click on the given element
2022-04-04 06:39:35 DEBUG LinkedinHomePage:50 - wait for the sigout link
2022-04-04 06:39:35 DEBUG LinkedinHomePage:53 - Click on signout link
2022-04-04 06:39:35 DEBUG BasePageWeb:45 - wait for the element to be clickable or not
2022-04-04 06:39:35 DEBUG BasePageWeb:47 - click on the given element
2022-04-04 06:39:35 DEBUG cache:45 - Couldn't find template in cache for "v3html/v3-html-index.ftl"("en", UTF-8, parsed); will try to load it.
2022-04-04 06:39:35 DEBUG cache:45 - TemplateLoader.findTemplateSource("v3html/v3-html-index_en.ftl"): Not found
2022-04-04 06:39:35 DEBUG cache:45 - TemplateLoader.findTemplateSource("v3html/v3-html-index.ftl"): Found
2022-04-04 06:39:35 DEBUG cache:45 - Loading template for "v3html/v3-html-index.ftl"("en", UTF-8, parsed) from "jar:file:/C:/Users/raja/.m2/repository/com/aventstack/extentreports/4.0.9/extentreports-4.0.9.jar!/com/aventstack/extentreports/view/v3html/v3-html-index.ftl"
2022-04-04 06:39:36 DEBUG cache:45 - Couldn't find template in cache for "v3html/v3-html-head.ftl"("en", UTF-8, parsed); will try to load it.
2022-04-04 06:39:36 DEBUG cache:45 - TemplateLoader.findTemplateSource("v3html/v3-html-head_en.ftl"): Not found
2022-04-04 06:39:36 DEBUG cache:45 - TemplateLoader.findTemplateSource("v3html/v3-html-head.ftl"): Found
2022-04-04 06:39:36 DEBUG cache:45 - Loading template for "v3html/v3-html-head.ftl"("en", UTF-8, parsed) from "jar:file:/C:/Users/raja/.m2/repository/com/aventstack/extentreports/4.0.9/extentreports-4.0.9.jar!/com/aventstack/extentreports/view/v3html/v3-html-head.ftl"
2022-04-04 06:39:36 DEBUG cache:45 - Couldn't find template in cache for "v3html/v3-html-nav.ftl"("en", UTF-8, parsed); will try to load it.
2022-04-04 06:39:36 DEBUG cache:45 - TemplateLoader.findTemplateSource("v3html/v3-html-nav_en.ftl"): Not found
2022-04-04 06:39:36 DEBUG cache:45 - TemplateLoader.findTemplateSource("v3html/v3-html-nav.ftl"): Found
2022-04-04 06:39:36 DEBUG cache:45 - Loading template for "v3html/v3-html-nav.ftl"("en", UTF-8, parsed) from "jar:file:/C:/Users/raja/.m2/repository/com/aventstack/extentreports/4.0.9/extentreports-4.0.9.jar!/com/aventstack/extentreports/view/v3html/v3-html-nav.ftl"
2022-04-04 06:39:36 DEBUG cache:45 - Couldn't find template in cache for "v3html/test-view/v3-html-test-view.ftl"("en", UTF-8, parsed); will try to load it.
2022-04-04 06:39:36 DEBUG cache:45 - TemplateLoader.findTemplateSource("v3html/test-view/v3-html-test-view_en.ftl"): Not found
2022-04-04 06:39:36 DEBUG cache:45 - TemplateLoader.findTemplateSource("v3html/test-view/v3-html-test-view.ftl"): Found
2022-04-04 06:39:36 DEBUG cache:45 - Loading template for "v3html/test-view/v3-html-test-view.ftl"("en", UTF-8, parsed) from "jar:file:/C:/Users/raja/.m2/repository/com/aventstack/extentreports/4.0.9/extentreports-4.0.9.jar!/com/aventstack/extentreports/view/v3html/test-view/v3-html-test-view.ftl"
2022-04-04 06:39:36 DEBUG cache:45 - Couldn't find template in cache for "v3html/test-view/v3-html-test-view-charts.ftl"("en", UTF-8, parsed); will try to load it.
2022-04-04 06:39:36 DEBUG cache:45 - TemplateLoader.findTemplateSource("v3html/test-view/v3-html-test-view-charts_en.ftl"): Not found
2022-04-04 06:39:36 DEBUG cache:45 - TemplateLoader.findTemplateSource("v3html/test-view/v3-html-test-view-charts.ftl"): Found
2022-04-04 06:39:36 DEBUG cache:45 - Loading template for "v3html/test-view/v3-html-test-view-charts.ftl"("en", UTF-8, parsed) from "jar:file:/C:/Users/raja/.m2/repository/com/aventstack/extentreports/4.0.9/extentreports-4.0.9.jar!/com/aventstack/extentreports/view/v3html/test-view/v3-html-test-view-charts.ftl"
2022-04-04 06:39:36 DEBUG cache:45 - Couldn't find template in cache for "v3html/test-view/v3-html-standard.ftl"("en", UTF-8, parsed); will try to load it.
2022-04-04 06:39:36 DEBUG cache:45 - TemplateLoader.findTemplateSource("v3html/test-view/v3-html-standard_en.ftl"): Not found
2022-04-04 06:39:36 DEBUG cache:45 - TemplateLoader.findTemplateSource("v3html/test-view/v3-html-standard.ftl"): Found
2022-04-04 06:39:36 DEBUG cache:45 - Loading template for "v3html/test-view/v3-html-standard.ftl"("en", UTF-8, parsed) from "jar:file:/C:/Users/raja/.m2/repository/com/aventstack/extentreports/4.0.9/extentreports-4.0.9.jar!/com/aventstack/extentreports/view/v3html/test-view/v3-html-standard.ftl"
2022-04-04 06:39:36 DEBUG cache:45 - "v3html/test-view/v3-html-standard.ftl"("en", UTF-8, parsed) cached copy not yet stale; using cached.
2022-04-04 06:39:36 DEBUG cache:45 - "v3html/test-view/v3-html-standard.ftl"("en", UTF-8, parsed) cached copy not yet stale; using cached.
2022-04-04 06:39:36 DEBUG cache:45 - "v3html/test-view/v3-html-standard.ftl"("en", UTF-8, parsed) cached copy not yet stale; using cached.
2022-04-04 06:39:36 DEBUG cache:45 - "v3html/test-view/v3-html-standard.ftl"("en", UTF-8, parsed) cached copy not yet stale; using cached.
2022-04-04 06:39:36 DEBUG cache:45 - "v3html/test-view/v3-html-standard.ftl"("en", UTF-8, parsed) cached copy not yet stale; using cached.
2022-04-04 06:39:36 DEBUG cache:45 - "v3html/test-view/v3-html-standard.ftl"("en", UTF-8, parsed) cached copy not yet stale; using cached.
2022-04-04 06:39:36 DEBUG cache:45 - Couldn't find template in cache for "v3html/category-view/v3-html-category-view.ftl"("en", UTF-8, parsed); will try to load it.
2022-04-04 06:39:36 DEBUG cache:45 - TemplateLoader.findTemplateSource("v3html/category-view/v3-html-category-view_en.ftl"): Not found
2022-04-04 06:39:36 DEBUG cache:45 - TemplateLoader.findTemplateSource("v3html/category-view/v3-html-category-view.ftl"): Found
2022-04-04 06:39:36 DEBUG cache:45 - Loading template for "v3html/category-view/v3-html-category-view.ftl"("en", UTF-8, parsed) from "jar:file:/C:/Users/raja/.m2/repository/com/aventstack/extentreports/4.0.9/extentreports-4.0.9.jar!/com/aventstack/extentreports/view/v3html/category-view/v3-html-category-view.ftl"
2022-04-04 06:39:36 DEBUG cache:45 - Couldn't find template in cache for "v3html/exception-view/v3-html-exception-view.ftl"("en", UTF-8, parsed); will try to load it.
2022-04-04 06:39:36 DEBUG cache:45 - TemplateLoader.findTemplateSource("v3html/exception-view/v3-html-exception-view_en.ftl"): Not found
2022-04-04 06:39:36 DEBUG cache:45 - TemplateLoader.findTemplateSource("v3html/exception-view/v3-html-exception-view.ftl"): Found
2022-04-04 06:39:36 DEBUG cache:45 - Loading template for "v3html/exception-view/v3-html-exception-view.ftl"("en", UTF-8, parsed) from "jar:file:/C:/Users/raja/.m2/repository/com/aventstack/extentreports/4.0.9/extentreports-4.0.9.jar!/com/aventstack/extentreports/view/v3html/exception-view/v3-html-exception-view.ftl"
2022-04-04 06:39:36 DEBUG cache:45 - Couldn't find template in cache for "v3html/author-view/v3-html-author-view.ftl"("en", UTF-8, parsed); will try to load it.
2022-04-04 06:39:36 DEBUG cache:45 - TemplateLoader.findTemplateSource("v3html/author-view/v3-html-author-view_en.ftl"): Not found
2022-04-04 06:39:36 DEBUG cache:45 - TemplateLoader.findTemplateSource("v3html/author-view/v3-html-author-view.ftl"): Found
2022-04-04 06:39:36 DEBUG cache:45 - Loading template for "v3html/author-view/v3-html-author-view.ftl"("en", UTF-8, parsed) from "jar:file:/C:/Users/raja/.m2/repository/com/aventstack/extentreports/4.0.9/extentreports-4.0.9.jar!/com/aventstack/extentreports/view/v3html/author-view/v3-html-author-view.ftl"
2022-04-04 06:39:36 DEBUG cache:45 - Couldn't find template in cache for "v3html/dashboard-view/v3-html-dashboard-view.ftl"("en", UTF-8, parsed); will try to load it.
2022-04-04 06:39:36 DEBUG cache:45 - TemplateLoader.findTemplateSource("v3html/dashboard-view/v3-html-dashboard-view_en.ftl"): Not found
2022-04-04 06:39:36 DEBUG cache:45 - TemplateLoader.findTemplateSource("v3html/dashboard-view/v3-html-dashboard-view.ftl"): Found
2022-04-04 06:39:36 DEBUG cache:45 - Loading template for "v3html/dashboard-view/v3-html-dashboard-view.ftl"("en", UTF-8, parsed) from "jar:file:/C:/Users/raja/.m2/repository/com/aventstack/extentreports/4.0.9/extentreports-4.0.9.jar!/com/aventstack/extentreports/view/v3html/dashboard-view/v3-html-dashboard-view.ftl"
2022-04-04 06:39:36 DEBUG cache:45 - Couldn't find template in cache for "v3html/logs-view/v3-html-testrunner-logs-view.ftl"("en", UTF-8, parsed); will try to load it.
2022-04-04 06:39:36 DEBUG cache:45 - TemplateLoader.findTemplateSource("v3html/logs-view/v3-html-testrunner-logs-view_en.ftl"): Not found
2022-04-04 06:39:36 DEBUG cache:45 - TemplateLoader.findTemplateSource("v3html/logs-view/v3-html-testrunner-logs-view.ftl"): Found
2022-04-04 06:39:36 DEBUG cache:45 - Loading template for "v3html/logs-view/v3-html-testrunner-logs-view.ftl"("en", UTF-8, parsed) from "jar:file:/C:/Users/raja/.m2/repository/com/aventstack/extentreports/4.0.9/extentreports-4.0.9.jar!/com/aventstack/extentreports/view/v3html/logs-view/v3-html-testrunner-logs-view.ftl"
